-------------------------------------------------------------------------------
Test set: com.baeldung.test.OAuthMvcTest
-------------------------------------------------------------------------------
Tests run: 1, Failures: 0, Errors: 1, Skipped: 0, Time elapsed: 0.004 s <<< FAILURE! - in com.baeldung.test.OAuthMvcTest
initializationError(com.baeldung.test.OAuthMvcTest)  Time elapsed: 0 s  <<< ERROR!
java.lang.Exception: No runnable methods

